<?xml version="1.0" encoding="UTF-8"?>
<testsuite name="br.com.faculdade.catolica.api_gateway.ApiGatewayApplicationTests" tests="1" skipped="0" failures="0" errors="0" timestamp="2026-05-23T14:50:26.297Z" hostname="DESKTOP-4B2JV7V" time="15.628">
  <properties/>
  <testcase name="contextLoads()" classname="br.com.faculdade.catolica.api_gateway.ApiGatewayApplicationTests" time="1.199"/>
  <system-out><![CDATA[11:50:26.944 [Test worker] INFO org.springframework.test.context.support.AnnotationConfigContextLoaderUtils -- Could not detect default configuration classes for test class [br.com.faculdade.catolica.api_gateway.ApiGatewayApplicationTests]: ApiGatewayApplicationTests does not declare any static, non-private, non-final, nested classes annotated with @Configuration.
11:50:27.455 [Test worker] INFO org.springframework.boot.test.context.SpringBootTestContextBootstrapper -- Found @SpringBootConfiguration br.com.faculdade.catolica.api_gateway.ApiGatewayApplication for test class br.com.faculdade.catolica.api_gateway.ApiGatewayApplicationTests
11:50:27.771 [Test worker] INFO org.springframework.test.context.support.AnnotationConfigContextLoaderUtils -- Could not detect default configuration classes for test class [br.com.faculdade.catolica.api_gateway.ApiGatewayApplicationTests]: ApiGatewayApplicationTests does not declare any static, non-private, non-final, nested classes annotated with @Configuration.
11:50:27.774 [Test worker] INFO org.springframework.boot.test.context.SpringBootTestContextBootstrapper -- Found @SpringBootConfiguration br.com.faculdade.catolica.api_gateway.ApiGatewayApplication for test class br.com.faculdade.catolica.api_gateway.ApiGatewayApplicationTests

  .   ____          _            __ _ _
 /\\ / ___'_ __ _ _(_)_ __  __ _ \ \ \ \
( ( )\___ | '_ | '_| | '_ \/ _` | \ \ \ \
 \\/  ___)| |_)| | | | | || (_| |  ) ) ) )
  '  |____| .__|_| |_|_| |_\__, | / / / /
 =========|_|==============|___/=/_/_/_/

 :: Spring Boot ::                (v4.0.6)

2026-05-23T11:50:30.080-03:00  INFO 24788 --- [api-gateway] [    Test worker] b.c.f.c.a.ApiGatewayApplicationTests     : Starting ApiGatewayApplicationTests using Java 26 with PID 24788 (started by Familia in C:\Users\Familia\Documents\api-gateway\api-gateway)
2026-05-23T11:50:30.090-03:00  INFO 24788 --- [api-gateway] [    Test worker] b.c.f.c.a.ApiGatewayApplicationTests     : No active profile set, falling back to 1 default profile: "default"
2026-05-23T11:50:33.060-03:00  INFO 24788 --- [api-gateway] [    Test worker] o.s.cloud.context.scope.GenericScope     : BeanFactory id=eba87bbb-165e-3b8a-ace2-460198861fa8
2026-05-23T11:50:35.724-03:00  INFO 24788 --- [api-gateway] [    Test worker] o.s.cloud.commons.util.InetUtils         : Cannot determine local hostname
2026-05-23T11:50:36.772-03:00  INFO 24788 --- [api-gateway] [    Test worker] o.s.cloud.commons.util.InetUtils         : Cannot determine local hostname
2026-05-23T11:50:37.994-03:00  INFO 24788 --- [api-gateway] [    Test worker] o.s.c.g.r.RouteDefinitionRouteLocator    : Loaded RoutePredicateFactory [After]
2026-05-23T11:50:37.996-03:00  INFO 24788 --- [api-gateway] [    Test worker] o.s.c.g.r.RouteDefinitionRouteLocator    : Loaded RoutePredicateFactory [Before]
2026-05-23T11:50:37.996-03:00  INFO 24788 --- [api-gateway] [    Test worker] o.s.c.g.r.RouteDefinitionRouteLocator    : Loaded RoutePredicateFactory [Between]
2026-05-23T11:50:37.997-03:00  INFO 24788 --- [api-gateway] [    Test worker] o.s.c.g.r.RouteDefinitionRouteLocator    : Loaded RoutePredicateFactory [Cookie]
2026-05-23T11:50:37.998-03:00  INFO 24788 --- [api-gateway] [    Test worker] o.s.c.g.r.RouteDefinitionRouteLocator    : Loaded RoutePredicateFactory [Header]
2026-05-23T11:50:37.999-03:00  INFO 24788 --- [api-gateway] [    Test worker] o.s.c.g.r.RouteDefinitionRouteLocator    : Loaded RoutePredicateFactory [Host]
2026-05-23T11:50:38.001-03:00  INFO 24788 --- [api-gateway] [    Test worker] o.s.c.g.r.RouteDefinitionRouteLocator    : Loaded RoutePredicateFactory [Method]
2026-05-23T11:50:38.002-03:00  INFO 24788 --- [api-gateway] [    Test worker] o.s.c.g.r.RouteDefinitionRouteLocator    : Loaded RoutePredicateFactory [Path]
2026-05-23T11:50:38.002-03:00  INFO 24788 --- [api-gateway] [    Test worker] o.s.c.g.r.RouteDefinitionRouteLocator    : Loaded RoutePredicateFactory [Query]
2026-05-23T11:50:38.002-03:00  INFO 24788 --- [api-gateway] [    Test worker] o.s.c.g.r.RouteDefinitionRouteLocator    : Loaded RoutePredicateFactory [ReadBody]
2026-05-23T11:50:38.003-03:00  INFO 24788 --- [api-gateway] [    Test worker] o.s.c.g.r.RouteDefinitionRouteLocator    : Loaded RoutePredicateFactory [RemoteAddr]
2026-05-23T11:50:38.003-03:00  INFO 24788 --- [api-gateway] [    Test worker] o.s.c.g.r.RouteDefinitionRouteLocator    : Loaded RoutePredicateFactory [Version]
2026-05-23T11:50:38.003-03:00  INFO 24788 --- [api-gateway] [    Test worker] o.s.c.g.r.RouteDefinitionRouteLocator    : Loaded RoutePredicateFactory [XForwardedRemoteAddr]
2026-05-23T11:50:38.003-03:00  INFO 24788 --- [api-gateway] [    Test worker] o.s.c.g.r.RouteDefinitionRouteLocator    : Loaded RoutePredicateFactory [Weight]
2026-05-23T11:50:38.004-03:00  INFO 24788 --- [api-gateway] [    Test worker] o.s.c.g.r.RouteDefinitionRouteLocator    : Loaded RoutePredicateFactory [CloudFoundryRouteService]
2026-05-23T11:50:39.653-03:00  INFO 24788 --- [api-gateway] [    Test worker] o.s.cloud.commons.util.InetUtils         : Cannot determine local hostname
2026-05-23T11:50:39.695-03:00  INFO 24788 --- [api-gateway] [    Test worker] DiscoveryClientOptionalArgsConfiguration : Eureka HTTP Client uses RestClient.
2026-05-23T11:50:39.765-03:00  WARN 24788 --- [api-gateway] [    Test worker] iguration$LoadBalancerCaffeineWarnLogger : Spring Cloud LoadBalancer is currently working with the default cache. While this cache implementation is useful for development and tests, it's recommended to use Caffeine cache in production.You can switch to using Caffeine cache, by adding it and org.springframework.cache.caffeine.CaffeineCacheManager to the classpath.
2026-05-23T11:50:39.813-03:00  INFO 24788 --- [api-gateway] [    Test worker] o.s.c.n.eureka.InstanceInfoFactory       : Setting initial instance status as: STARTING
2026-05-23T11:50:39.858-03:00  INFO 24788 --- [api-gateway] [    Test worker] com.netflix.discovery.DiscoveryClient    : Initializing Eureka in region us-east-1
2026-05-23T11:50:39.862-03:00  INFO 24788 --- [api-gateway] [    Test worker] c.n.d.s.r.aws.ConfigClusterResolver      : Resolving eureka endpoints via configuration
2026-05-23T11:50:39.879-03:00  INFO 24788 --- [api-gateway] [    Test worker] com.netflix.discovery.DiscoveryClient    : Disable delta property : false
2026-05-23T11:50:39.879-03:00  INFO 24788 --- [api-gateway] [    Test worker] com.netflix.discovery.DiscoveryClient    : Single vip registry refresh property : null
2026-05-23T11:50:39.880-03:00  INFO 24788 --- [api-gateway] [    Test worker] com.netflix.discovery.DiscoveryClient    : Force full registry fetch : false
2026-05-23T11:50:39.880-03:00  INFO 24788 --- [api-gateway] [    Test worker] com.netflix.discovery.DiscoveryClient    : Application is null : false
2026-05-23T11:50:39.880-03:00  INFO 24788 --- [api-gateway] [    Test worker] com.netflix.discovery.DiscoveryClient    : Registered Applications size is zero : true
2026-05-23T11:50:39.880-03:00  INFO 24788 --- [api-gateway] [    Test worker] com.netflix.discovery.DiscoveryClient    : Application version is -1: true
2026-05-23T11:50:39.882-03:00  INFO 24788 --- [api-gateway] [    Test worker] com.netflix.discovery.DiscoveryClient    : Getting all instance registry info from the eureka server
2026-05-23T11:50:40.489-03:00  INFO 24788 --- [api-gateway] [    Test worker] com.netflix.discovery.DiscoveryClient    : The response status is 200
2026-05-23T11:50:40.492-03:00  INFO 24788 --- [api-gateway] [    Test worker] com.netflix.discovery.DiscoveryClient    : Starting heartbeat executor: renew interval is: 30
2026-05-23T11:50:40.497-03:00  INFO 24788 --- [api-gateway] [    Test worker] c.n.discovery.InstanceInfoReplicator     : InstanceInfoReplicator onDemand update allowed rate per min is 4
2026-05-23T11:50:40.503-03:00  INFO 24788 --- [api-gateway] [    Test worker] com.netflix.discovery.DiscoveryClient    : Discovery Client initialized at timestamp 1779547840501 with initial instances count: 2
2026-05-23T11:50:40.507-03:00  INFO 24788 --- [api-gateway] [    Test worker] o.s.c.n.e.s.EurekaServiceRegistry        : Registering application API-GATEWAY with eureka with status UP
2026-05-23T11:50:40.508-03:00  INFO 24788 --- [api-gateway] [    Test worker] com.netflix.discovery.DiscoveryClient    : Saw local status change event StatusChangeEvent [timestamp=1779547840508, current=UP, previous=STARTING]
2026-05-23T11:50:40.512-03:00  INFO 24788 --- [api-gateway] [foReplicator-%d] com.netflix.discovery.DiscoveryClient    : DiscoveryClient_API-GATEWAY/localhost:api-gateway:8080: registering service...
2026-05-23T11:50:40.588-03:00  INFO 24788 --- [api-gateway] [foReplicator-%d] com.netflix.discovery.DiscoveryClient    : DiscoveryClient_API-GATEWAY/localhost:api-gateway:8080 - registration status: 204
2026-05-23T11:50:40.709-03:00  INFO 24788 --- [api-gateway] [    Test worker] b.c.f.c.a.ApiGatewayApplicationTests     : Started ApiGatewayApplicationTests in 12.388 seconds (process running for 17.417)
]]></system-out>
  <system-err><![CDATA[Mockito is currently self-attaching to enable the inline-mock-maker. This will no longer work in future releases of the JDK. Please add Mockito as an agent to your build as described in Mockito's documentation: https://javadoc.io/doc/org.mockito/mockito-core/latest/org.mockito/org/mockito/Mockito.html#0.3
WARNING: A Java agent has been loaded dynamically (C:\Users\Familia\.gradle\caches\modules-2\files-2.1\net.bytebuddy\byte-buddy-agent\1.17.8\f09415827a71be7ed621c7bd02550678f28bc81c\byte-buddy-agent-1.17.8.jar)
WARNING: If a serviceability tool is in use, please run with -XX:+EnableDynamicAgentLoading to hide this warning
WARNING: If a serviceability tool is not in use, please run with -Djdk.instrument.traceUsage for more information
WARNING: Dynamic loading of agents will be disallowed by default in a future release
]]></system-err>
</testsuite>
