<?xml version="1.0" encoding="UTF-8"?>
<testsuite name="br.com.faculdade.catolica.eureka_server.EurekaServerApplicationTests" tests="1" skipped="0" failures="0" errors="0" timestamp="2026-05-23T14:52:26.924Z" hostname="DESKTOP-4B2JV7V" time="14.23">
  <properties/>
  <testcase name="contextLoads()" classname="br.com.faculdade.catolica.eureka_server.EurekaServerApplicationTests" time="1.164"/>
  <system-out><![CDATA[11:52:27.379 [Test worker] INFO org.springframework.test.context.support.AnnotationConfigContextLoaderUtils -- Could not detect default configuration classes for test class [br.com.faculdade.catolica.eureka_server.EurekaServerApplicationTests]: EurekaServerApplicationTests does not declare any static, non-private, non-final, nested classes annotated with @Configuration.
11:52:27.704 [Test worker] INFO org.springframework.boot.test.context.SpringBootTestContextBootstrapper -- Found @SpringBootConfiguration br.com.faculdade.catolica.eureka_server.EurekaServerApplication for test class br.com.faculdade.catolica.eureka_server.EurekaServerApplicationTests
11:52:27.920 [Test worker] INFO org.springframework.test.context.support.AnnotationConfigContextLoaderUtils -- Could not detect default configuration classes for test class [br.com.faculdade.catolica.eureka_server.EurekaServerApplicationTests]: EurekaServerApplicationTests does not declare any static, non-private, non-final, nested classes annotated with @Configuration.
11:52:27.924 [Test worker] INFO org.springframework.boot.test.context.SpringBootTestContextBootstrapper -- Found @SpringBootConfiguration br.com.faculdade.catolica.eureka_server.EurekaServerApplication for test class br.com.faculdade.catolica.eureka_server.EurekaServerApplicationTests

  .   ____          _            __ _ _
 /\\ / ___'_ __ _ _(_)_ __  __ _ \ \ \ \
( ( )\___ | '_ | '_| | '_ \/ _` | \ \ \ \
 \\/  ___)| |_)| | | | | || (_| |  ) ) ) )
  '  |____| .__|_| |_|_| |_\__, | / / / /
 =========|_|==============|___/=/_/_/_/

 :: Spring Boot ::                (v4.0.6)

2026-05-23T11:52:29.958-03:00  INFO 23576 --- [eureka-server] [    Test worker] b.c.f.c.e.EurekaServerApplicationTests   : Starting EurekaServerApplicationTests using Java 26 with PID 23576 (started by Familia in C:\Users\Familia\Documents\eureka-server\eureka-server)
2026-05-23T11:52:29.960-03:00  INFO 23576 --- [eureka-server] [    Test worker] b.c.f.c.e.EurekaServerApplicationTests   : No active profile set, falling back to 1 default profile: "default"
2026-05-23T11:52:32.738-03:00  INFO 23576 --- [eureka-server] [    Test worker] o.s.cloud.context.scope.GenericScope     : BeanFactory id=774dd9ed-4b3a-3927-b43b-1bb491968d49
2026-05-23T11:52:33.880-03:00  INFO 23576 --- [eureka-server] [    Test worker] o.s.v.b.OptionalValidatorFactoryBean     : Failed to set up a Bean Validation provider: jakarta.validation.NoProviderFoundException: Unable to create a Configuration, because no Jakarta Validation provider could be found. Add a provider like Hibernate Validator (RI) to your classpath.
2026-05-23T11:52:36.288-03:00  INFO 23576 --- [eureka-server] [    Test worker] o.s.cloud.commons.util.InetUtils         : Cannot determine local hostname
2026-05-23T11:52:38.211-03:00  INFO 23576 --- [eureka-server] [    Test worker] o.s.cloud.commons.util.InetUtils         : Cannot determine local hostname
2026-05-23T11:52:38.334-03:00  WARN 23576 --- [eureka-server] [    Test worker] iguration$LoadBalancerCaffeineWarnLogger : Spring Cloud LoadBalancer is currently working with the default cache. While this cache implementation is useful for development and tests, it's recommended to use Caffeine cache in production.You can switch to using Caffeine cache, by adding it and org.springframework.cache.caffeine.CaffeineCacheManager to the classpath.
2026-05-23T11:52:38.959-03:00  INFO 23576 --- [eureka-server] [    Test worker] o.s.c.n.eureka.InstanceInfoFactory       : Setting initial instance status as: STARTING
2026-05-23T11:52:39.004-03:00  INFO 23576 --- [eureka-server] [    Test worker] com.netflix.discovery.DiscoveryClient    : Initializing Eureka in region us-east-1
2026-05-23T11:52:39.005-03:00  INFO 23576 --- [eureka-server] [    Test worker] com.netflix.discovery.DiscoveryClient    : Client configured to neither register nor query for data.
2026-05-23T11:52:39.009-03:00  INFO 23576 --- [eureka-server] [    Test worker] com.netflix.discovery.DiscoveryClient    : Discovery Client initialized at timestamp 1779547959007 with initial instances count: 0
2026-05-23T11:52:39.121-03:00  INFO 23576 --- [eureka-server] [    Test worker] c.n.eureka.DefaultEurekaServerContext    : Initializing ...
2026-05-23T11:52:39.125-03:00  WARN 23576 --- [eureka-server] [    Test worker] c.n.eureka.cluster.PeerEurekaNodes       : The replica size seems to be empty. Check the route 53 DNS Registry
2026-05-23T11:52:39.147-03:00  INFO 23576 --- [eureka-server] [    Test worker] c.n.e.registry.AbstractInstanceRegistry  : Finished initializing remote region registries. All known remote regions: []
2026-05-23T11:52:39.149-03:00  INFO 23576 --- [eureka-server] [    Test worker] c.n.eureka.DefaultEurekaServerContext    : Initialized
2026-05-23T11:52:39.503-03:00  INFO 23576 --- [eureka-server] [    Test worker] o.s.b.a.e.web.EndpointLinksResolver      : Exposing 1 endpoint beneath base path '/actuator'
2026-05-23T11:52:39.665-03:00  INFO 23576 --- [eureka-server] [    Test worker] o.s.c.n.e.s.EurekaServiceRegistry        : Registering application EUREKA-SERVER with eureka with status UP
2026-05-23T11:52:39.707-03:00  INFO 23576 --- [eureka-server] [    Test worker] b.c.f.c.e.EurekaServerApplicationTests   : Started EurekaServerApplicationTests in 11.385 seconds (process running for 14.734)
2026-05-23T11:52:39.710-03:00  INFO 23576 --- [eureka-server] [      Thread-13] o.s.c.n.e.server.EurekaServerBootstrap   : isAws returned false
2026-05-23T11:52:39.711-03:00  INFO 23576 --- [eureka-server] [      Thread-13] o.s.c.n.e.server.EurekaServerBootstrap   : Initialized server context
2026-05-23T11:52:39.711-03:00  INFO 23576 --- [eureka-server] [      Thread-13] c.n.e.r.PeerAwareInstanceRegistryImpl    : Got 1 instances from neighboring DS node
2026-05-23T11:52:39.713-03:00  INFO 23576 --- [eureka-server] [      Thread-13] c.n.e.r.PeerAwareInstanceRegistryImpl    : Renew threshold is: 1
2026-05-23T11:52:39.714-03:00  INFO 23576 --- [eureka-server] [      Thread-13] c.n.e.r.PeerAwareInstanceRegistryImpl    : Changing status to UP
2026-05-23T11:52:39.723-03:00  INFO 23576 --- [eureka-server] [      Thread-13] e.s.EurekaServerInitializerConfiguration : Started Eureka Server
]]></system-out>
  <system-err><![CDATA[Mockito is currently self-attaching to enable the inline-mock-maker. This will no longer work in future releases of the JDK. Please add Mockito as an agent to your build as described in Mockito's documentation: https://javadoc.io/doc/org.mockito/mockito-core/latest/org.mockito/org/mockito/Mockito.html#0.3
WARNING: A Java agent has been loaded dynamically (C:\Users\Familia\.gradle\caches\modules-2\files-2.1\net.bytebuddy\byte-buddy-agent\1.17.8\f09415827a71be7ed621c7bd02550678f28bc81c\byte-buddy-agent-1.17.8.jar)
WARNING: If a serviceability tool is in use, please run with -XX:+EnableDynamicAgentLoading to hide this warning
WARNING: If a serviceability tool is not in use, please run with -Djdk.instrument.traceUsage for more information
WARNING: Dynamic loading of agents will be disallowed by default in a future release
]]></system-err>
</testsuite>
