<?xml version="1.0" encoding="UTF-8"?>
<testsuite name="br.com.faculdade.catolica.livro_service.LivroServiceApplicationTests" tests="1" skipped="0" failures="0" errors="0" timestamp="2026-05-23T14:51:07.220Z" hostname="DESKTOP-4B2JV7V" time="18.575">
  <properties/>
  <testcase name="contextLoads()" classname="br.com.faculdade.catolica.livro_service.LivroServiceApplicationTests" time="0.543"/>
  <system-out><![CDATA[11:51:07.675 [Test worker] INFO org.springframework.test.context.support.AnnotationConfigContextLoaderUtils -- Could not detect default configuration classes for test class [br.com.faculdade.catolica.livro_service.LivroServiceApplicationTests]: LivroServiceApplicationTests does not declare any static, non-private, non-final, nested classes annotated with @Configuration.
11:51:07.993 [Test worker] INFO org.springframework.boot.test.context.SpringBootTestContextBootstrapper -- Found @SpringBootConfiguration br.com.faculdade.catolica.livro_service.LivroServiceApplication for test class br.com.faculdade.catolica.livro_service.LivroServiceApplicationTests
11:51:08.211 [Test worker] INFO org.springframework.test.context.support.AnnotationConfigContextLoaderUtils -- Could not detect default configuration classes for test class [br.com.faculdade.catolica.livro_service.LivroServiceApplicationTests]: LivroServiceApplicationTests does not declare any static, non-private, non-final, nested classes annotated with @Configuration.
11:51:08.214 [Test worker] INFO org.springframework.boot.test.context.SpringBootTestContextBootstrapper -- Found @SpringBootConfiguration br.com.faculdade.catolica.livro_service.LivroServiceApplication for test class br.com.faculdade.catolica.livro_service.LivroServiceApplicationTests

  .   ____          _            __ _ _
 /\\ / ___'_ __ _ _(_)_ __  __ _ \ \ \ \
( ( )\___ | '_ | '_| | '_ \/ _` | \ \ \ \
 \\/  ___)| |_)| | | | | || (_| |  ) ) ) )
  '  |____| .__|_| |_|_| |_\__, | / / / /
 =========|_|==============|___/=/_/_/_/

 :: Spring Boot ::                (v4.0.5)

2026-05-23T11:51:10.257-03:00  INFO 24620 --- [livro-service] [    Test worker] b.c.f.c.l.LivroServiceApplicationTests   : Starting LivroServiceApplicationTests using Java 26 with PID 24620 (started by Familia in C:\Users\Familia\Documents\livro-service\livro-service)
2026-05-23T11:51:10.263-03:00  INFO 24620 --- [livro-service] [    Test worker] b.c.f.c.l.LivroServiceApplicationTests   : No active profile set, falling back to 1 default profile: "default"
2026-05-23T11:51:12.270-03:00  INFO 24620 --- [livro-service] [    Test worker] .s.d.r.c.RepositoryConfigurationDelegate : Bootstrapping Spring Data JPA repositories in DEFAULT mode.
2026-05-23T11:51:12.657-03:00  INFO 24620 --- [livro-service] [    Test worker] .s.d.r.c.RepositoryConfigurationDelegate : Finished Spring Data repository scanning in 364 ms. Found 1 JPA repository interface.
2026-05-23T11:51:13.587-03:00  INFO 24620 --- [livro-service] [    Test worker] o.s.cloud.context.scope.GenericScope     : BeanFactory id=e4b26603-3786-37bd-b376-0fff9eccc03d
2026-05-23T11:51:14.823-03:00  INFO 24620 --- [livro-service] [    Test worker] org.hibernate.orm.jpa                    : HHH008540: Processing PersistenceUnitInfo [name: default]
2026-05-23T11:51:15.097-03:00  INFO 24620 --- [livro-service] [    Test worker] org.hibernate.orm.core                   : HHH000001: Hibernate ORM core version 7.2.7.Final
2026-05-23T11:51:16.649-03:00  INFO 24620 --- [livro-service] [    Test worker] o.s.o.j.p.SpringPersistenceUnitInfo      : No LoadTimeWeaver setup: ignoring JPA class transformer
2026-05-23T11:51:16.760-03:00  INFO 24620 --- [livro-service] [    Test worker] com.zaxxer.hikari.HikariDataSource       : HikariPool-1 - Starting...
2026-05-23T11:51:17.041-03:00  INFO 24620 --- [livro-service] [    Test worker] com.zaxxer.hikari.pool.HikariPool        : HikariPool-1 - Added connection org.postgresql.jdbc.PgConnection@5857d723
2026-05-23T11:51:17.045-03:00  INFO 24620 --- [livro-service] [    Test worker] com.zaxxer.hikari.HikariDataSource       : HikariPool-1 - Start completed.
2026-05-23T11:51:17.331-03:00  INFO 24620 --- [livro-service] [    Test worker] org.hibernate.orm.connections.pooling    : HHH10001005: Database info:
	Database JDBC URL [jdbc:postgresql://localhost:5432/biblioteca_sd]
	Database driver: PostgreSQL JDBC Driver
	Database dialect: PostgreSQLDialect
	Database version: 16.3
	Default catalog/schema: biblioteca_sd/public
	Autocommit mode: undefined/unknown
	Isolation level: READ_COMMITTED [default READ_COMMITTED]
	JDBC fetch size: none
	Pool: DataSourceConnectionProvider
	Minimum pool size: undefined/unknown
	Maximum pool size: undefined/unknown
2026-05-23T11:51:19.244-03:00  INFO 24620 --- [livro-service] [    Test worker] org.hibernate.orm.core                   : HHH000489: No JTA platform available (set 'hibernate.transaction.jta.platform' to enable JTA platform integration)
2026-05-23T11:51:19.444-03:00  INFO 24620 --- [livro-service] [    Test worker] j.LocalContainerEntityManagerFactoryBean : Initialized JPA EntityManagerFactory for persistence unit 'default'
2026-05-23T11:51:19.667-03:00  INFO 24620 --- [livro-service] [    Test worker] o.s.d.j.r.query.QueryEnhancerFactories   : Hibernate is in classpath; If applicable, HQL parser will be used.
2026-05-23T11:51:20.633-03:00  WARN 24620 --- [livro-service] [    Test worker] JpaBaseConfiguration$JpaWebConfiguration : spring.jpa.open-in-view is enabled by default. Therefore, database queries may be performed during view rendering. Explicitly configure spring.jpa.open-in-view to disable this warning
2026-05-23T11:51:23.037-03:00  INFO 24620 --- [livro-service] [    Test worker] o.s.cloud.commons.util.InetUtils         : Cannot determine local hostname
2026-05-23T11:51:24.078-03:00  INFO 24620 --- [livro-service] [    Test worker] o.s.cloud.commons.util.InetUtils         : Cannot determine local hostname
2026-05-23T11:51:24.112-03:00  INFO 24620 --- [livro-service] [    Test worker] DiscoveryClientOptionalArgsConfiguration : Eureka HTTP Client uses RestClient.
2026-05-23T11:51:24.189-03:00  WARN 24620 --- [livro-service] [    Test worker] iguration$LoadBalancerCaffeineWarnLogger : Spring Cloud LoadBalancer is currently working with the default cache. While this cache implementation is useful for development and tests, it's recommended to use Caffeine cache in production.You can switch to using Caffeine cache, by adding it and org.springframework.cache.caffeine.CaffeineCacheManager to the classpath.
2026-05-23T11:51:24.272-03:00  INFO 24620 --- [livro-service] [    Test worker] o.s.c.n.eureka.InstanceInfoFactory       : Setting initial instance status as: STARTING
2026-05-23T11:51:24.340-03:00  INFO 24620 --- [livro-service] [    Test worker] com.netflix.discovery.DiscoveryClient    : Initializing Eureka in region us-east-1
2026-05-23T11:51:24.351-03:00  INFO 24620 --- [livro-service] [    Test worker] c.n.d.s.r.aws.ConfigClusterResolver      : Resolving eureka endpoints via configuration
2026-05-23T11:51:24.371-03:00  INFO 24620 --- [livro-service] [    Test worker] com.netflix.discovery.DiscoveryClient    : Disable delta property : false
2026-05-23T11:51:24.371-03:00  INFO 24620 --- [livro-service] [    Test worker] com.netflix.discovery.DiscoveryClient    : Single vip registry refresh property : null
2026-05-23T11:51:24.371-03:00  INFO 24620 --- [livro-service] [    Test worker] com.netflix.discovery.DiscoveryClient    : Force full registry fetch : false
2026-05-23T11:51:24.371-03:00  INFO 24620 --- [livro-service] [    Test worker] com.netflix.discovery.DiscoveryClient    : Application is null : false
2026-05-23T11:51:24.372-03:00  INFO 24620 --- [livro-service] [    Test worker] com.netflix.discovery.DiscoveryClient    : Registered Applications size is zero : true
2026-05-23T11:51:24.373-03:00  INFO 24620 --- [livro-service] [    Test worker] com.netflix.discovery.DiscoveryClient    : Application version is -1: true
2026-05-23T11:51:24.373-03:00  INFO 24620 --- [livro-service] [    Test worker] com.netflix.discovery.DiscoveryClient    : Getting all instance registry info from the eureka server
2026-05-23T11:51:24.969-03:00  INFO 24620 --- [livro-service] [    Test worker] com.netflix.discovery.DiscoveryClient    : The response status is 200
2026-05-23T11:51:24.972-03:00  INFO 24620 --- [livro-service] [    Test worker] com.netflix.discovery.DiscoveryClient    : Starting heartbeat executor: renew interval is: 30
2026-05-23T11:51:24.979-03:00  INFO 24620 --- [livro-service] [    Test worker] c.n.discovery.InstanceInfoReplicator     : InstanceInfoReplicator onDemand update allowed rate per min is 4
2026-05-23T11:51:24.981-03:00  INFO 24620 --- [livro-service] [    Test worker] com.netflix.discovery.DiscoveryClient    : Discovery Client initialized at timestamp 1779547884981 with initial instances count: 2
2026-05-23T11:51:24.987-03:00  INFO 24620 --- [livro-service] [    Test worker] o.s.c.n.e.s.EurekaServiceRegistry        : Registering application LIVRO-SERVICE with eureka with status UP
2026-05-23T11:51:24.988-03:00  INFO 24620 --- [livro-service] [    Test worker] com.netflix.discovery.DiscoveryClient    : Saw local status change event StatusChangeEvent [timestamp=1779547884988, current=UP, previous=STARTING]
2026-05-23T11:51:24.994-03:00  INFO 24620 --- [livro-service] [foReplicator-%d] com.netflix.discovery.DiscoveryClient    : DiscoveryClient_LIVRO-SERVICE/localhost:livro-service:8081: registering service...
2026-05-23T11:51:24.997-03:00  INFO 24620 --- [livro-service] [    Test worker] o.s.a.r.c.CachingConnectionFactory       : Attempting to connect to: [localhost:5672]
2026-05-23T11:51:25.081-03:00  INFO 24620 --- [livro-service] [foReplicator-%d] com.netflix.discovery.DiscoveryClient    : DiscoveryClient_LIVRO-SERVICE/localhost:livro-service:8081 - registration status: 204
2026-05-23T11:51:25.124-03:00  INFO 24620 --- [livro-service] [    Test worker] o.s.a.r.c.CachingConnectionFactory       : Created new connection: rabbitConnectionFactory#74974165:0/SimpleConnection@3fde6c3b [delegate=amqp://guest@127.0.0.1:5672/, localPort=62381]
2026-05-23T11:51:25.231-03:00  INFO 24620 --- [livro-service] [    Test worker] b.c.f.c.l.LivroServiceApplicationTests   : Started LivroServiceApplicationTests in 16.591 seconds (process running for 20.067)
]]></system-out>
  <system-err><![CDATA[Mockito is currently self-attaching to enable the inline-mock-maker. This will no longer work in future releases of the JDK. Please add Mockito as an agent to your build as described in Mockito's documentation: https://javadoc.io/doc/org.mockito/mockito-core/latest/org.mockito/org/mockito/Mockito.html#0.3
WARNING: A Java agent has been loaded dynamically (C:\Users\Familia\.gradle\caches\modules-2\files-2.1\net.bytebuddy\byte-buddy-agent\1.17.8\f09415827a71be7ed621c7bd02550678f28bc81c\byte-buddy-agent-1.17.8.jar)
WARNING: If a serviceability tool is in use, please run with -XX:+EnableDynamicAgentLoading to hide this warning
WARNING: If a serviceability tool is not in use, please run with -Djdk.instrument.traceUsage for more information
WARNING: Dynamic loading of agents will be disallowed by default in a future release
]]></system-err>
</testsuite>
