<?xml version="1.0" encoding="UTF-8"?>
<testsuite name="br.com.faculdade.catolica.reserva_service.ReservaServiceApplicationTests" tests="1" skipped="0" failures="0" errors="0" timestamp="2026-05-23T14:51:49.172Z" hostname="DESKTOP-4B2JV7V" time="17.852">
  <properties/>
  <testcase name="contextLoads()" classname="br.com.faculdade.catolica.reserva_service.ReservaServiceApplicationTests" time="0.79"/>
  <system-out><![CDATA[11:51:49.531 [Test worker] INFO org.springframework.test.context.support.AnnotationConfigContextLoaderUtils -- Could not detect default configuration classes for test class [br.com.faculdade.catolica.reserva_service.ReservaServiceApplicationTests]: ReservaServiceApplicationTests does not declare any static, non-private, non-final, nested classes annotated with @Configuration.
11:51:49.827 [Test worker] INFO org.springframework.boot.test.context.SpringBootTestContextBootstrapper -- Found @SpringBootConfiguration br.com.faculdade.catolica.reserva_service.ReservaServiceApplication for test class br.com.faculdade.catolica.reserva_service.ReservaServiceApplicationTests
11:51:50.024 [Test worker] INFO org.springframework.test.context.support.AnnotationConfigContextLoaderUtils -- Could not detect default configuration classes for test class [br.com.faculdade.catolica.reserva_service.ReservaServiceApplicationTests]: ReservaServiceApplicationTests does not declare any static, non-private, non-final, nested classes annotated with @Configuration.
11:51:50.028 [Test worker] INFO org.springframework.boot.test.context.SpringBootTestContextBootstrapper -- Found @SpringBootConfiguration br.com.faculdade.catolica.reserva_service.ReservaServiceApplication for test class br.com.faculdade.catolica.reserva_service.ReservaServiceApplicationTests

  .   ____          _            __ _ _
 /\\ / ___'_ __ _ _(_)_ __  __ _ \ \ \ \
( ( )\___ | '_ | '_| | '_ \/ _` | \ \ \ \
 \\/  ___)| |_)| | | | | || (_| |  ) ) ) )
  '  |____| .__|_| |_|_| |_\__, | / / / /
 =========|_|==============|___/=/_/_/_/

 :: Spring Boot ::                (v4.0.5)

2026-05-23T11:51:52.028-03:00  INFO 21656 --- [reserva-service] [    Test worker] b.c.f.c.r.ReservaServiceApplicationTests : Starting ReservaServiceApplicationTests using Java 26 with PID 21656 (started by Familia in C:\Users\Familia\Documents\reserva-service\reserva-service)
2026-05-23T11:51:52.031-03:00  INFO 21656 --- [reserva-service] [    Test worker] b.c.f.c.r.ReservaServiceApplicationTests : No active profile set, falling back to 1 default profile: "default"
2026-05-23T11:51:54.050-03:00  INFO 21656 --- [reserva-service] [    Test worker] .s.d.r.c.RepositoryConfigurationDelegate : Bootstrapping Spring Data JPA repositories in DEFAULT mode.
2026-05-23T11:51:54.345-03:00  INFO 21656 --- [reserva-service] [    Test worker] .s.d.r.c.RepositoryConfigurationDelegate : Finished Spring Data repository scanning in 273 ms. Found 1 JPA repository interface.
2026-05-23T11:51:55.059-03:00  INFO 21656 --- [reserva-service] [    Test worker] o.s.cloud.context.scope.GenericScope     : BeanFactory id=aa0237aa-30cc-3d72-b885-b989d53550b4
2026-05-23T11:51:56.025-03:00  INFO 21656 --- [reserva-service] [    Test worker] org.hibernate.orm.jpa                    : HHH008540: Processing PersistenceUnitInfo [name: default]
2026-05-23T11:51:56.213-03:00  INFO 21656 --- [reserva-service] [    Test worker] org.hibernate.orm.core                   : HHH000001: Hibernate ORM core version 7.2.7.Final
2026-05-23T11:51:57.725-03:00  INFO 21656 --- [reserva-service] [    Test worker] o.s.o.j.p.SpringPersistenceUnitInfo      : No LoadTimeWeaver setup: ignoring JPA class transformer
2026-05-23T11:51:57.793-03:00  INFO 21656 --- [reserva-service] [    Test worker] com.zaxxer.hikari.HikariDataSource       : HikariPool-1 - Starting...
2026-05-23T11:51:57.986-03:00  INFO 21656 --- [reserva-service] [    Test worker] com.zaxxer.hikari.pool.HikariPool        : HikariPool-1 - Added connection org.postgresql.jdbc.PgConnection@ff12b53
2026-05-23T11:51:57.991-03:00  INFO 21656 --- [reserva-service] [    Test worker] com.zaxxer.hikari.HikariDataSource       : HikariPool-1 - Start completed.
2026-05-23T11:51:58.136-03:00  INFO 21656 --- [reserva-service] [    Test worker] org.hibernate.orm.connections.pooling    : HHH10001005: Database info:
	Database JDBC URL [jdbc:postgresql://localhost:5432/biblioteca_sd]
	Database driver: PostgreSQL JDBC Driver
	Database dialect: PostgreSQLDialect
	Database version: 16.3
	Default catalog/schema: biblioteca_sd/public
	Autocommit mode: undefined/unknown
	Isolation level: READ_COMMITTED [default READ_COMMITTED]
	JDBC fetch size: none
	Pool: DataSourceConnectionProvider
	Minimum pool size: undefined/unknown
	Maximum pool size: undefined/unknown
2026-05-23T11:51:59.761-03:00  INFO 21656 --- [reserva-service] [    Test worker] org.hibernate.orm.core                   : HHH000489: No JTA platform available (set 'hibernate.transaction.jta.platform' to enable JTA platform integration)
2026-05-23T11:51:59.853-03:00  INFO 21656 --- [reserva-service] [    Test worker] j.LocalContainerEntityManagerFactoryBean : Initialized JPA EntityManagerFactory for persistence unit 'default'
2026-05-23T11:52:00.050-03:00  INFO 21656 --- [reserva-service] [    Test worker] o.s.d.j.r.query.QueryEnhancerFactories   : Hibernate is in classpath; If applicable, HQL parser will be used.
2026-05-23T11:52:00.592-03:00  WARN 21656 --- [reserva-service] [    Test worker] JpaBaseConfiguration$JpaWebConfiguration : spring.jpa.open-in-view is enabled by default. Therefore, database queries may be performed during view rendering. Explicitly configure spring.jpa.open-in-view to disable this warning
2026-05-23T11:52:01.701-03:00  INFO 21656 --- [reserva-service] [    Test worker] o.s.cloud.commons.util.InetUtils         : Cannot determine local hostname
2026-05-23T11:52:01.801-03:00  INFO 21656 --- [reserva-service] [    Test worker] o.s.c.openfeign.FeignClientFactoryBean   : For 'livro-service' URL not provided. Will try picking an instance via load-balancing.
2026-05-23T11:52:05.148-03:00  INFO 21656 --- [reserva-service] [    Test worker] o.s.cloud.commons.util.InetUtils         : Cannot determine local hostname
2026-05-23T11:52:05.192-03:00  INFO 21656 --- [reserva-service] [    Test worker] DiscoveryClientOptionalArgsConfiguration : Eureka HTTP Client uses RestClient.
2026-05-23T11:52:05.265-03:00  WARN 21656 --- [reserva-service] [    Test worker] iguration$LoadBalancerCaffeineWarnLogger : Spring Cloud LoadBalancer is currently working with the default cache. While this cache implementation is useful for development and tests, it's recommended to use Caffeine cache in production.You can switch to using Caffeine cache, by adding it and org.springframework.cache.caffeine.CaffeineCacheManager to the classpath.
2026-05-23T11:52:05.327-03:00  INFO 21656 --- [reserva-service] [    Test worker] o.s.c.n.eureka.InstanceInfoFactory       : Setting initial instance status as: STARTING
2026-05-23T11:52:05.381-03:00  INFO 21656 --- [reserva-service] [    Test worker] com.netflix.discovery.DiscoveryClient    : Initializing Eureka in region us-east-1
2026-05-23T11:52:05.392-03:00  INFO 21656 --- [reserva-service] [    Test worker] c.n.d.s.r.aws.ConfigClusterResolver      : Resolving eureka endpoints via configuration
2026-05-23T11:52:05.411-03:00  INFO 21656 --- [reserva-service] [    Test worker] com.netflix.discovery.DiscoveryClient    : Disable delta property : false
2026-05-23T11:52:05.412-03:00  INFO 21656 --- [reserva-service] [    Test worker] com.netflix.discovery.DiscoveryClient    : Single vip registry refresh property : null
2026-05-23T11:52:05.412-03:00  INFO 21656 --- [reserva-service] [    Test worker] com.netflix.discovery.DiscoveryClient    : Force full registry fetch : false
2026-05-23T11:52:05.412-03:00  INFO 21656 --- [reserva-service] [    Test worker] com.netflix.discovery.DiscoveryClient    : Application is null : false
2026-05-23T11:52:05.412-03:00  INFO 21656 --- [reserva-service] [    Test worker] com.netflix.discovery.DiscoveryClient    : Registered Applications size is zero : true
2026-05-23T11:52:05.412-03:00  INFO 21656 --- [reserva-service] [    Test worker] com.netflix.discovery.DiscoveryClient    : Application version is -1: true
2026-05-23T11:52:05.413-03:00  INFO 21656 --- [reserva-service] [    Test worker] com.netflix.discovery.DiscoveryClient    : Getting all instance registry info from the eureka server
2026-05-23T11:52:06.155-03:00  INFO 21656 --- [reserva-service] [    Test worker] com.netflix.discovery.DiscoveryClient    : The response status is 200
2026-05-23T11:52:06.159-03:00  INFO 21656 --- [reserva-service] [    Test worker] com.netflix.discovery.DiscoveryClient    : Starting heartbeat executor: renew interval is: 30
2026-05-23T11:52:06.164-03:00  INFO 21656 --- [reserva-service] [    Test worker] c.n.discovery.InstanceInfoReplicator     : InstanceInfoReplicator onDemand update allowed rate per min is 4
2026-05-23T11:52:06.166-03:00  INFO 21656 --- [reserva-service] [    Test worker] com.netflix.discovery.DiscoveryClient    : Discovery Client initialized at timestamp 1779547926165 with initial instances count: 2
2026-05-23T11:52:06.173-03:00  INFO 21656 --- [reserva-service] [    Test worker] o.s.c.n.e.s.EurekaServiceRegistry        : Registering application RESERVA-SERVICE with eureka with status UP
2026-05-23T11:52:06.175-03:00  INFO 21656 --- [reserva-service] [    Test worker] com.netflix.discovery.DiscoveryClient    : Saw local status change event StatusChangeEvent [timestamp=1779547926175, current=UP, previous=STARTING]
2026-05-23T11:52:06.180-03:00  INFO 21656 --- [reserva-service] [foReplicator-%d] com.netflix.discovery.DiscoveryClient    : DiscoveryClient_RESERVA-SERVICE/localhost:reserva-service:8082: registering service...
2026-05-23T11:52:06.200-03:00  INFO 21656 --- [reserva-service] [    Test worker] b.c.f.c.r.ReservaServiceApplicationTests : Started ReservaServiceApplicationTests in 15.796 seconds (process running for 19.026)
2026-05-23T11:52:06.292-03:00  INFO 21656 --- [reserva-service] [foReplicator-%d] com.netflix.discovery.DiscoveryClient    : DiscoveryClient_RESERVA-SERVICE/localhost:reserva-service:8082 - registration status: 204
]]></system-out>
  <system-err><![CDATA[Mockito is currently self-attaching to enable the inline-mock-maker. This will no longer work in future releases of the JDK. Please add Mockito as an agent to your build as described in Mockito's documentation: https://javadoc.io/doc/org.mockito/mockito-core/latest/org.mockito/org/mockito/Mockito.html#0.3
WARNING: A Java agent has been loaded dynamically (C:\Users\Familia\.gradle\caches\modules-2\files-2.1\net.bytebuddy\byte-buddy-agent\1.17.8\f09415827a71be7ed621c7bd02550678f28bc81c\byte-buddy-agent-1.17.8.jar)
WARNING: If a serviceability tool is in use, please run with -XX:+EnableDynamicAgentLoading to hide this warning
WARNING: If a serviceability tool is not in use, please run with -Djdk.instrument.traceUsage for more information
WARNING: Dynamic loading of agents will be disallowed by default in a future release
]]></system-err>
</testsuite>
